2020-06-26 01:24:26.700  INFO [users-ws,,,] 22411 --- [main] c.c.c.ConfigServicePropertySourceLocator : Fetching config from server at : http://localhost:8012
2020-06-26 01:24:27.163  INFO [users-ws,,,] 22411 --- [main] c.c.c.ConfigServicePropertySourceLocator : Located environment: name=users-ws, profiles=[default], label=null, version=null, state=null
2020-06-26 01:24:27.164  INFO [users-ws,,,] 22411 --- [main] b.c.PropertySourceBootstrapConfiguration : Located property source: [BootstrapPropertySource {name='bootstrapProperties-file:///Users/muradhajiyev/workspace-spring-tool-suite/demo-microservice-app/users-ws.properties'}, BootstrapPropertySource {name='bootstrapProperties-file:///Users/muradhajiyev/workspace-spring-tool-suite/demo-microservice-app/application.properties'}]
2020-06-26 01:24:27.349  INFO [users-ws,,,] 22411 --- [main] c.m.m.p.a.u.PhotoAppApiUsersApplication  : No active profile set, falling back to default profiles: default
2020-06-26 01:24:29.284  WARN [users-ws,,,] 22411 --- [main] o.s.boot.actuate.endpoint.EndpointId     : Endpoint ID 'bus-env' contains invalid characters, please migrate to a valid format.
2020-06-26 01:24:29.800  INFO [users-ws,,,] 22411 --- [main] .s.d.r.c.RepositoryConfigurationDelegate : Bootstrapping Spring Data JPA repositories in DEFAULT mode.
2020-06-26 01:24:30.061  INFO [users-ws,,,] 22411 --- [main] .s.d.r.c.RepositoryConfigurationDelegate : Finished Spring Data repository scanning in 242ms. Found 1 JPA repository interfaces.
2020-06-26 01:24:30.496  WARN [users-ws,,,] 22411 --- [main] o.s.boot.actuate.endpoint.EndpointId     : Endpoint ID 'bus-refresh' contains invalid characters, please migrate to a valid format.
2020-06-26 01:24:30.848  WARN [users-ws,,,] 22411 --- [main] o.s.boot.actuate.endpoint.EndpointId     : Endpoint ID 'service-registry' contains invalid characters, please migrate to a valid format.
2020-06-26 01:24:31.220  WARN [users-ws,,,] 22411 --- [main] o.s.boot.actuate.endpoint.EndpointId     : Endpoint ID 'hystrix.stream' contains invalid characters, please migrate to a valid format.
2020-06-26 01:24:31.737  INFO [users-ws,,,] 22411 --- [main] o.s.cloud.context.scope.GenericScope     : BeanFactory id=4e887b66-baa0-37fc-86d7-f12390672237
2020-06-26 01:24:32.010  INFO [users-ws,,,] 22411 --- [main] faultConfiguringBeanFactoryPostProcessor : No bean named 'errorChannel' has been explicitly defined. Therefore, a default PublishSubscribeChannel will be created.
2020-06-26 01:24:32.021  INFO [users-ws,,,] 22411 --- [main] faultConfiguringBeanFactoryPostProcessor : No bean named 'taskScheduler' has been explicitly defined. Therefore, a default ThreadPoolTaskScheduler will be created.
2020-06-26 01:24:32.049  INFO [users-ws,,,] 22411 --- [main] faultConfiguringBeanFactoryPostProcessor : No bean named 'integrationHeaderChannelRegistry' has been explicitly defined. Therefore, a default DefaultHeaderChannelRegistry will be created.
2020-06-26 01:24:32.969  INFO [users-ws,,,] 22411 --- [main] trationDelegate$BeanPostProcessorChecker : Bean 'integrationChannelResolver' of type [org.springframework.integration.support.channel.BeanFactoryChannelResolver] is not eligible for getting processed by all BeanPostProcessors (for example: not eligible for auto-proxying)
2020-06-26 01:24:32.984  INFO [users-ws,,,] 22411 --- [main] trationDelegate$BeanPostProcessorChecker : Bean 'integrationDisposableAutoCreatedBeans' of type [org.springframework.integration.config.annotation.Disposables] is not eligible for getting processed by all BeanPostProcessors (for example: not eligible for auto-proxying)
2020-06-26 01:24:33.109  INFO [users-ws,,,] 22411 --- [main] trationDelegate$BeanPostProcessorChecker : Bean 'org.springframework.integration.config.IntegrationManagementConfiguration' of type [org.springframework.integration.config.IntegrationManagementConfiguration] is not eligible for getting processed by all BeanPostProcessors (for example: not eligible for auto-proxying)
2020-06-26 01:24:33.188  INFO [users-ws,,,] 22411 --- [main] trationDelegate$BeanPostProcessorChecker : Bean 'org.springframework.boot.autoconfigure.integration.IntegrationAutoConfiguration$IntegrationJmxConfiguration' of type [org.springframework.boot.autoconfigure.integration.IntegrationAutoConfiguration$IntegrationJmxConfiguration] is not eligible for getting processed by all BeanPostProcessors (for example: not eligible for auto-proxying)
2020-06-26 01:24:33.242  INFO [users-ws,,,] 22411 --- [main] trationDelegate$BeanPostProcessorChecker : Bean 'org.springframework.boot.autoconfigure.jmx.JmxAutoConfiguration' of type [org.springframework.boot.autoconfigure.jmx.JmxAutoConfiguration] is not eligible for getting processed by all BeanPostProcessors (for example: not eligible for auto-proxying)
2020-06-26 01:24:33.252  INFO [users-ws,,,] 22411 --- [main] trationDelegate$BeanPostProcessorChecker : Bean 'mbeanServer' of type [com.sun.jmx.mbeanserver.JmxMBeanServer] is not eligible for getting processed by all BeanPostProcessors (for example: not eligible for auto-proxying)
2020-06-26 01:24:34.432  INFO [users-ws,,,] 22411 --- [main] o.s.b.w.embedded.tomcat.TomcatWebServer  : Tomcat initialized with port(s): 0 (http)
2020-06-26 01:24:34.452  INFO [users-ws,,,] 22411 --- [main] o.apache.catalina.core.StandardService   : Starting service [Tomcat]
2020-06-26 01:24:34.452  INFO [users-ws,,,] 22411 --- [main] org.apache.catalina.core.StandardEngine  : Starting Servlet engine: [Apache Tomcat/9.0.33]
2020-06-26 01:24:34.921  INFO [users-ws,,,] 22411 --- [main] o.a.c.c.C.[Tomcat].[localhost].[/]       : Initializing Spring embedded WebApplicationContext
2020-06-26 01:24:34.923  INFO [users-ws,,,] 22411 --- [main] o.s.web.context.ContextLoader            : Root WebApplicationContext: initialization completed in 7465 ms
2020-06-26 01:24:35.840  WARN [users-ws,,,] 22411 --- [main] c.n.c.sources.URLConfigurationSource     : No URLs will be polled as dynamic configuration sources.
2020-06-26 01:24:35.842  INFO [users-ws,,,] 22411 --- [main] c.n.c.sources.URLConfigurationSource     : To enable URLs as dynamic configuration sources, define System property archaius.configurationSource.additionalUrls or make config.properties available on classpath.
2020-06-26 01:24:35.867  INFO [users-ws,,,] 22411 --- [main] c.netflix.config.DynamicPropertyFactory  : DynamicPropertyFactory is initialized with configuration sources: com.netflix.config.ConcurrentCompositeConfiguration@28fc1132
2020-06-26 01:24:36.419  INFO [users-ws,,,] 22411 --- [main] com.zaxxer.hikari.HikariDataSource       : HikariPool-1 - Starting...
2020-06-26 01:24:37.390  INFO [users-ws,,,] 22411 --- [main] com.zaxxer.hikari.HikariDataSource       : HikariPool-1 - Start completed.
2020-06-26 01:24:37.403  INFO [users-ws,,,] 22411 --- [main] o.s.b.a.h2.H2ConsoleAutoConfiguration    : H2 console available at '/h2-console'. Database available at 'jdbc:mysql://localhost:3306/photo_app?serverTimezone=America/Chicago'
2020-06-26 01:24:40.415  INFO [users-ws,,,] 22411 --- [main] o.s.s.c.ThreadPoolTaskScheduler          : Initializing ExecutorService 'taskScheduler'
2020-06-26 01:24:41.293  INFO [users-ws,,,] 22411 --- [main] o.hibernate.jpa.internal.util.LogHelper  : HHH000204: Processing PersistenceUnitInfo [name: default]
2020-06-26 01:24:41.413  INFO [users-ws,,,] 22411 --- [main] org.hibernate.Version                    : HHH000412: Hibernate ORM core version 5.4.12.Final
2020-06-26 01:24:41.666  INFO [users-ws,,,] 22411 --- [main] o.hibernate.annotations.common.Version   : HCANN000001: Hibernate Commons Annotations {5.1.0.Final}
2020-06-26 01:24:41.882  INFO [users-ws,,,] 22411 --- [main] org.hibernate.dialect.Dialect            : HHH000400: Using dialect: org.hibernate.dialect.MySQL8Dialect
2020-06-26 01:24:44.507  INFO [users-ws,,,] 22411 --- [main] o.h.e.t.j.p.i.JtaPlatformInitiator       : HHH000490: Using JtaPlatform implementation: [org.hibernate.engine.transaction.jta.platform.internal.NoJtaPlatform]
2020-06-26 01:24:44.523  INFO [users-ws,,,] 22411 --- [main] j.LocalContainerEntityManagerFactoryBean : Initialized JPA EntityManagerFactory for persistence unit 'default'
2020-06-26 01:24:46.325  WARN [users-ws,,,] 22411 --- [main] JpaBaseConfiguration$JpaWebConfiguration : spring.jpa.open-in-view is enabled by default. Therefore, database queries may be performed during view rendering. Explicitly configure spring.jpa.open-in-view to disable this warning
2020-06-26 01:24:47.204  INFO [users-ws,,,] 22411 --- [main] o.s.s.web.DefaultSecurityFilterChain     : Creating filter chain: any request, [org.springframework.security.web.context.request.async.WebAsyncManagerIntegrationFilter@70ab1ce0, org.springframework.security.web.context.SecurityContextPersistenceFilter@b307030, org.springframework.security.web.header.HeaderWriterFilter@39921410, org.springframework.security.web.authentication.logout.LogoutFilter@13e6c544, com.murad.microservices.photoapp.api.users.security.AuthenticationFilter@50d6af87, org.springframework.security.web.savedrequest.RequestCacheAwareFilter@749ffdc7, org.springframework.security.web.servletapi.SecurityContextHolderAwareRequestFilter@115924ba, org.springframework.security.web.authentication.AnonymousAuthenticationFilter@765eb801, org.springframework.security.web.session.SessionManagementFilter@5003c114, org.springframework.security.web.access.ExceptionTranslationFilter@6dde913e, org.springframework.security.web.access.intercept.FilterSecurityInterceptor@66df362c]
2020-06-26 01:24:47.406  WARN [users-ws,,,] 22411 --- [main] c.n.c.sources.URLConfigurationSource     : No URLs will be polled as dynamic configuration sources.
2020-06-26 01:24:47.409  INFO [users-ws,,,] 22411 --- [main] c.n.c.sources.URLConfigurationSource     : To enable URLs as dynamic configuration sources, define System property archaius.configurationSource.additionalUrls or make config.properties available on classpath.
2020-06-26 01:24:47.851  INFO [users-ws,,,] 22411 --- [main] o.s.s.concurrent.ThreadPoolTaskExecutor  : Initializing ExecutorService 'applicationTaskExecutor'
2020-06-26 01:24:48.945  INFO [users-ws,,,] 22411 --- [main] onConfiguration$FunctionBindingRegistrar : Functional binding is disabled due to the presense of @EnableBinding annotation in your configuration
2020-06-26 01:24:49.787  WARN [users-ws,,,] 22411 --- [main] ockingLoadBalancerClientRibbonWarnLogger : You already have RibbonLoadBalancerClient on your classpath. It will be used by default. As Spring Cloud Ribbon is in maintenance mode. We recommend switching to BlockingLoadBalancerClient instead. In order to use it, set the value of `spring.cloud.loadbalancer.ribbon.enabled` to `false` or remove spring-cloud-starter-netflix-ribbon from your project.
2020-06-26 01:24:50.345  INFO [users-ws,,,] 22411 --- [main] o.s.b.a.e.web.EndpointLinksResolver      : Exposing 1 endpoint(s) beneath base path '/actuator'
2020-06-26 01:24:50.749  INFO [users-ws,,,] 22411 --- [main] o.s.c.s.m.DirectWithAttributesChannel    : Channel 'application-1.springCloudBusInput' has 1 subscriber(s).
2020-06-26 01:24:51.092  INFO [users-ws,,,] 22411 --- [main] o.s.i.monitor.IntegrationMBeanExporter   : Registering MessageChannel errorChannel
2020-06-26 01:24:51.478  INFO [users-ws,,,] 22411 --- [main] o.s.i.monitor.IntegrationMBeanExporter   : Registering MessageChannel springCloudBusOutput
2020-06-26 01:24:51.723  INFO [users-ws,,,] 22411 --- [RMI TCP Connection(3)-127.0.0.1] o.a.c.c.C.[Tomcat].[localhost].[/]       : Initializing Spring DispatcherServlet 'dispatcherServlet'
2020-06-26 01:24:51.723  INFO [users-ws,,,] 22411 --- [RMI TCP Connection(3)-127.0.0.1] o.s.web.servlet.DispatcherServlet        : Initializing Servlet 'dispatcherServlet'
2020-06-26 01:24:51.730  INFO [users-ws,,,] 22411 --- [main] o.s.i.monitor.IntegrationMBeanExporter   : Registering MessageChannel nullChannel
2020-06-26 01:24:51.771  INFO [users-ws,,,] 22411 --- [main] o.s.i.monitor.IntegrationMBeanExporter   : Registering MessageChannel springCloudBusInput
2020-06-26 01:24:51.773  INFO [users-ws,,,] 22411 --- [RMI TCP Connection(3)-127.0.0.1] o.s.web.servlet.DispatcherServlet        : Completed initialization in 49 ms
2020-06-26 01:24:51.933  INFO [users-ws,,,] 22411 --- [main] o.s.i.monitor.IntegrationMBeanExporter   : Registering MessageHandler org.springframework.cloud.stream.binding.StreamListenerMessageHandler@1aee0f49
2020-06-26 01:24:52.402  INFO [users-ws,,,] 22411 --- [main] o.s.i.monitor.IntegrationMBeanExporter   : Registering MessageHandler errorLogger
2020-06-26 01:24:52.620  INFO [users-ws,,,] 22411 --- [main] o.s.i.endpoint.EventDrivenConsumer       : Adding {logging-channel-adapter:_org.springframework.integration.errorLogger} as a subscriber to the 'errorChannel' channel
2020-06-26 01:24:52.621  INFO [users-ws,,,] 22411 --- [main] o.s.i.channel.PublishSubscribeChannel    : Channel 'application-1.errorChannel' has 1 subscriber(s).
2020-06-26 01:24:52.621  INFO [users-ws,,,] 22411 --- [main] o.s.i.endpoint.EventDrivenConsumer       : started bean '_org.springframework.integration.errorLogger'
2020-06-26 01:24:52.821  INFO [users-ws,,,] 22411 --- [main] c.c.c.ConfigServicePropertySourceLocator : Fetching config from server at : http://localhost:8012
2020-06-26 01:24:52.892  INFO [users-ws,,,] 22411 --- [main] c.c.c.ConfigServicePropertySourceLocator : Located environment: name=users-ws, profiles=[default], label=null, version=null, state=null
2020-06-26 01:24:52.893  INFO [users-ws,,,] 22411 --- [main] b.c.PropertySourceBootstrapConfiguration : Located property source: [BootstrapPropertySource {name='bootstrapProperties-file:///Users/muradhajiyev/workspace-spring-tool-suite/demo-microservice-app/users-ws.properties'}, BootstrapPropertySource {name='bootstrapProperties-file:///Users/muradhajiyev/workspace-spring-tool-suite/demo-microservice-app/application.properties'}]
2020-06-26 01:24:53.568  INFO [users-ws,,,] 22411 --- [main] o.s.a.r.c.CachingConnectionFactory       : Attempting to connect to: [localhost:5672]
2020-06-26 01:24:53.743  INFO [users-ws,,,] 22411 --- [main] o.s.a.r.c.CachingConnectionFactory       : Created new connection: rabbitConnectionFactory#66234b0f:0/SimpleConnection@5581e273 [delegate=amqp://guest@127.0.0.1:5672/, localPort= 62633]
2020-06-26 01:24:53.857  INFO [users-ws,,,] 22411 --- [main] o.s.c.s.m.DirectWithAttributesChannel    : Channel 'application-1.springCloudBusOutput' has 1 subscriber(s).
2020-06-26 01:24:54.067  INFO [users-ws,,,] 22411 --- [main] c.s.b.r.p.RabbitExchangeQueueProvisioner : declaring queue for inbound: springCloudBus.anonymous.m06bor6cRcqsFfGvZ_I_vA, bound to: springCloudBus
2020-06-26 01:24:54.142  INFO [users-ws,,,] 22411 --- [main] o.s.c.stream.binder.BinderErrorChannel   : Channel 'springCloudBus.anonymous.m06bor6cRcqsFfGvZ_I_vA.errors' has 1 subscriber(s).
2020-06-26 01:24:54.143  INFO [users-ws,,,] 22411 --- [main] o.s.c.stream.binder.BinderErrorChannel   : Channel 'springCloudBus.anonymous.m06bor6cRcqsFfGvZ_I_vA.errors' has 2 subscriber(s).
2020-06-26 01:24:54.190  INFO [users-ws,,,] 22411 --- [main] o.s.i.a.i.AmqpInboundChannelAdapter      : started bean 'inbound.springCloudBus.anonymous.m06bor6cRcqsFfGvZ_I_vA'
2020-06-26 01:24:54.280  INFO [users-ws,,,] 22411 --- [main] o.s.i.monitor.IntegrationMBeanExporter   : Registering MessageChannel springCloudBus.anonymous.m06bor6cRcqsFfGvZ_I_vA.errors
2020-06-26 01:24:54.833  INFO [users-ws,,,] 22411 --- [main] o.s.b.w.embedded.tomcat.TomcatWebServer  : Tomcat started on port(s): 62634 (http) with context path ''
2020-06-26 01:24:54.835  INFO [users-ws,,,] 22411 --- [main] .s.c.n.e.s.EurekaAutoServiceRegistration : Updating port to 62634
2020-06-26 01:24:54.843  INFO [users-ws,,,] 22411 --- [main] o.s.c.n.eureka.InstanceInfoFactory       : Setting initial instance status as: STARTING
2020-06-26 01:24:54.948  INFO [users-ws,,,] 22411 --- [main] com.netflix.discovery.DiscoveryClient    : Initializing Eureka in region us-east-1
2020-06-26 01:24:55.165  INFO [users-ws,,,] 22411 --- [main] c.n.d.provider.DiscoveryJerseyProvider   : Using JSON encoding codec LegacyJacksonJson
2020-06-26 01:24:55.166  INFO [users-ws,,,] 22411 --- [main] c.n.d.provider.DiscoveryJerseyProvider   : Using JSON decoding codec LegacyJacksonJson
2020-06-26 01:24:55.447  INFO [users-ws,,,] 22411 --- [main] c.n.d.provider.DiscoveryJerseyProvider   : Using XML encoding codec XStreamXml
2020-06-26 01:24:55.449  INFO [users-ws,,,] 22411 --- [main] c.n.d.provider.DiscoveryJerseyProvider   : Using XML decoding codec XStreamXml
2020-06-26 01:24:55.850  INFO [users-ws,,,] 22411 --- [main] c.n.d.s.r.aws.ConfigClusterResolver      : Resolving eureka endpoints via configuration
2020-06-26 01:24:55.880  INFO [users-ws,,,] 22411 --- [main] com.netflix.discovery.DiscoveryClient    : Disable delta property : false
2020-06-26 01:24:55.882  INFO [users-ws,,,] 22411 --- [main] com.netflix.discovery.DiscoveryClient    : Single vip registry refresh property : null
2020-06-26 01:24:55.882  INFO [users-ws,,,] 22411 --- [main] com.netflix.discovery.DiscoveryClient    : Force full registry fetch : false
2020-06-26 01:24:55.882  INFO [users-ws,,,] 22411 --- [main] com.netflix.discovery.DiscoveryClient    : Application is null : false
2020-06-26 01:24:55.882  INFO [users-ws,,,] 22411 --- [main] com.netflix.discovery.DiscoveryClient    : Registered Applications size is zero : true
2020-06-26 01:24:55.882  INFO [users-ws,,,] 22411 --- [main] com.netflix.discovery.DiscoveryClient    : Application version is -1: true
2020-06-26 01:24:55.882  INFO [users-ws,,,] 22411 --- [main] com.netflix.discovery.DiscoveryClient    : Getting all instance registry info from the eureka server
2020-06-26 01:24:56.196  INFO [users-ws,,,] 22411 --- [main] com.netflix.discovery.DiscoveryClient    : The response status is 200
2020-06-26 01:24:56.203  INFO [users-ws,,,] 22411 --- [main] com.netflix.discovery.DiscoveryClient    : Starting heartbeat executor: renew interval is: 30
2020-06-26 01:24:56.208  INFO [users-ws,,,] 22411 --- [main] c.n.discovery.InstanceInfoReplicator     : InstanceInfoReplicator onDemand update allowed rate per min is 4
2020-06-26 01:24:56.214  INFO [users-ws,,,] 22411 --- [main] com.netflix.discovery.DiscoveryClient    : Discovery Client initialized at timestamp 1593152696212 with initial instances count: 3
2020-06-26 01:24:56.245  INFO [users-ws,,,] 22411 --- [main] o.s.c.n.e.s.EurekaServiceRegistry        : Registering application USERS-WS with eureka with status UP
2020-06-26 01:24:56.246  INFO [users-ws,,,] 22411 --- [main] com.netflix.discovery.DiscoveryClient    : Saw local status change event StatusChangeEvent [timestamp=1593152696246, current=UP, previous=STARTING]
2020-06-26 01:24:56.249  INFO [users-ws,,,] 22411 --- [DiscoveryClient-InstanceInfoReplicator-0] com.netflix.discovery.DiscoveryClient    : DiscoveryClient_USERS-WS/users-ws:c929422d59e3d1777cb23b8165bd2aae: registering service...
2020-06-26 01:24:56.303  INFO [users-ws,,,] 22411 --- [DiscoveryClient-InstanceInfoReplicator-0] com.netflix.discovery.DiscoveryClient    : DiscoveryClient_USERS-WS/users-ws:c929422d59e3d1777cb23b8165bd2aae - registration status: 204
2020-06-26 01:24:56.314  INFO [users-ws,,,] 22411 --- [main] c.m.m.p.a.u.PhotoAppApiUsersApplication  : Started PhotoAppApiUsersApplication in 31.904 seconds (JVM running for 34.814)
2020-06-26 01:29:55.878  INFO [users-ws,,,] 22411 --- [AsyncResolver-bootstrap-executor-0] c.n.d.s.r.aws.ConfigClusterResolver      : Resolving eureka endpoints via configuration
2020-06-26 01:34:55.868  INFO [users-ws,,,] 22411 --- [AsyncResolver-bootstrap-executor-0] c.n.d.s.r.aws.ConfigClusterResolver      : Resolving eureka endpoints via configuration
2020-06-26 01:40:48.640  WARN [users-ws,,,] 22411 --- [HikariPool-1 housekeeper] com.zaxxer.hikari.pool.HikariPool        : HikariPool-1 - Thread starvation or clock leap detected (housekeeper delta=3m11s83ms).
2020-06-26 01:42:36.905  INFO [users-ws,,,] 22411 --- [AsyncResolver-bootstrap-executor-0] c.n.d.s.r.aws.ConfigClusterResolver      : Resolving eureka endpoints via configuration
2020-06-26 01:47:36.900  INFO [users-ws,,,] 22411 --- [AsyncResolver-bootstrap-executor-0] c.n.d.s.r.aws.ConfigClusterResolver      : Resolving eureka endpoints via configuration
2020-06-26 01:52:36.896  INFO [users-ws,,,] 22411 --- [AsyncResolver-bootstrap-executor-0] c.n.d.s.r.aws.ConfigClusterResolver      : Resolving eureka endpoints via configuration
2020-06-26 01:57:36.891  INFO [users-ws,,,] 22411 --- [AsyncResolver-bootstrap-executor-0] c.n.d.s.r.aws.ConfigClusterResolver      : Resolving eureka endpoints via configuration
2020-06-26 02:02:36.890  INFO [users-ws,,,] 22411 --- [AsyncResolver-bootstrap-executor-0] c.n.d.s.r.aws.ConfigClusterResolver      : Resolving eureka endpoints via configuration
2020-06-26 02:07:36.882  INFO [users-ws,,,] 22411 --- [AsyncResolver-bootstrap-executor-0] c.n.d.s.r.aws.ConfigClusterResolver      : Resolving eureka endpoints via configuration
2020-06-26 02:12:36.883  INFO [users-ws,,,] 22411 --- [AsyncResolver-bootstrap-executor-0] c.n.d.s.r.aws.ConfigClusterResolver      : Resolving eureka endpoints via configuration
2020-06-26 02:17:36.880  INFO [users-ws,,,] 22411 --- [AsyncResolver-bootstrap-executor-0] c.n.d.s.r.aws.ConfigClusterResolver      : Resolving eureka endpoints via configuration
2020-06-26 02:22:36.875  INFO [users-ws,,,] 22411 --- [AsyncResolver-bootstrap-executor-0] c.n.d.s.r.aws.ConfigClusterResolver      : Resolving eureka endpoints via configuration
2020-06-26 02:27:36.872  INFO [users-ws,,,] 22411 --- [AsyncResolver-bootstrap-executor-0] c.n.d.s.r.aws.ConfigClusterResolver      : Resolving eureka endpoints via configuration
2020-06-26 02:32:36.865  INFO [users-ws,,,] 22411 --- [AsyncResolver-bootstrap-executor-0] c.n.d.s.r.aws.ConfigClusterResolver      : Resolving eureka endpoints via configuration
2020-06-26 02:37:36.861  INFO [users-ws,,,] 22411 --- [AsyncResolver-bootstrap-executor-0] c.n.d.s.r.aws.ConfigClusterResolver      : Resolving eureka endpoints via configuration
2020-06-26 02:42:36.856  INFO [users-ws,,,] 22411 --- [AsyncResolver-bootstrap-executor-0] c.n.d.s.r.aws.ConfigClusterResolver      : Resolving eureka endpoints via configuration
2020-06-26 02:47:36.853  INFO [users-ws,,,] 22411 --- [AsyncResolver-bootstrap-executor-0] c.n.d.s.r.aws.ConfigClusterResolver      : Resolving eureka endpoints via configuration
2020-06-26 02:52:36.850  INFO [users-ws,,,] 22411 --- [AsyncResolver-bootstrap-executor-0] c.n.d.s.r.aws.ConfigClusterResolver      : Resolving eureka endpoints via configuration
2020-06-26 02:57:36.846  INFO [users-ws,,,] 22411 --- [AsyncResolver-bootstrap-executor-0] c.n.d.s.r.aws.ConfigClusterResolver      : Resolving eureka endpoints via configuration
2020-06-26 03:02:36.841  INFO [users-ws,,,] 22411 --- [AsyncResolver-bootstrap-executor-0] c.n.d.s.r.aws.ConfigClusterResolver      : Resolving eureka endpoints via configuration
2020-06-26 03:07:36.842  INFO [users-ws,,,] 22411 --- [AsyncResolver-bootstrap-executor-0] c.n.d.s.r.aws.ConfigClusterResolver      : Resolving eureka endpoints via configuration
2020-06-26 03:12:36.834  INFO [users-ws,,,] 22411 --- [AsyncResolver-bootstrap-executor-0] c.n.d.s.r.aws.ConfigClusterResolver      : Resolving eureka endpoints via configuration
2020-06-26 03:17:36.829  INFO [users-ws,,,] 22411 --- [AsyncResolver-bootstrap-executor-0] c.n.d.s.r.aws.ConfigClusterResolver      : Resolving eureka endpoints via configuration
2020-06-26 03:22:36.826  INFO [users-ws,,,] 22411 --- [AsyncResolver-bootstrap-executor-0] c.n.d.s.r.aws.ConfigClusterResolver      : Resolving eureka endpoints via configuration
2020-06-26 03:27:36.821  INFO [users-ws,,,] 22411 --- [AsyncResolver-bootstrap-executor-0] c.n.d.s.r.aws.ConfigClusterResolver      : Resolving eureka endpoints via configuration
2020-06-26 03:32:36.818  INFO [users-ws,,,] 22411 --- [AsyncResolver-bootstrap-executor-0] c.n.d.s.r.aws.ConfigClusterResolver      : Resolving eureka endpoints via configuration
2020-06-26 03:37:36.817  INFO [users-ws,,,] 22411 --- [AsyncResolver-bootstrap-executor-0] c.n.d.s.r.aws.ConfigClusterResolver      : Resolving eureka endpoints via configuration
2020-06-26 03:42:36.810  INFO [users-ws,,,] 22411 --- [AsyncResolver-bootstrap-executor-0] c.n.d.s.r.aws.ConfigClusterResolver      : Resolving eureka endpoints via configuration
2020-06-26 03:47:36.805  INFO [users-ws,,,] 22411 --- [AsyncResolver-bootstrap-executor-0] c.n.d.s.r.aws.ConfigClusterResolver      : Resolving eureka endpoints via configuration
2020-06-26 03:52:36.800  INFO [users-ws,,,] 22411 --- [AsyncResolver-bootstrap-executor-0] c.n.d.s.r.aws.ConfigClusterResolver      : Resolving eureka endpoints via configuration
2020-06-26 03:57:36.795  INFO [users-ws,,,] 22411 --- [AsyncResolver-bootstrap-executor-0] c.n.d.s.r.aws.ConfigClusterResolver      : Resolving eureka endpoints via configuration
2020-06-26 04:02:36.789  INFO [users-ws,,,] 22411 --- [AsyncResolver-bootstrap-executor-0] c.n.d.s.r.aws.ConfigClusterResolver      : Resolving eureka endpoints via configuration
2020-06-26 04:07:36.783  INFO [users-ws,,,] 22411 --- [AsyncResolver-bootstrap-executor-0] c.n.d.s.r.aws.ConfigClusterResolver      : Resolving eureka endpoints via configuration
2020-06-26 04:12:36.773  INFO [users-ws,,,] 22411 --- [AsyncResolver-bootstrap-executor-0] c.n.d.s.r.aws.ConfigClusterResolver      : Resolving eureka endpoints via configuration
2020-06-26 04:17:36.774  INFO [users-ws,,,] 22411 --- [AsyncResolver-bootstrap-executor-0] c.n.d.s.r.aws.ConfigClusterResolver      : Resolving eureka endpoints via configuration
2020-06-26 04:22:36.772  INFO [users-ws,,,] 22411 --- [AsyncResolver-bootstrap-executor-0] c.n.d.s.r.aws.ConfigClusterResolver      : Resolving eureka endpoints via configuration
2020-06-26 04:27:36.769  INFO [users-ws,,,] 22411 --- [AsyncResolver-bootstrap-executor-0] c.n.d.s.r.aws.ConfigClusterResolver      : Resolving eureka endpoints via configuration
2020-06-26 04:32:36.764  INFO [users-ws,,,] 22411 --- [AsyncResolver-bootstrap-executor-0] c.n.d.s.r.aws.ConfigClusterResolver      : Resolving eureka endpoints via configuration
2020-06-26 04:37:36.756  INFO [users-ws,,,] 22411 --- [AsyncResolver-bootstrap-executor-0] c.n.d.s.r.aws.ConfigClusterResolver      : Resolving eureka endpoints via configuration
2020-06-26 04:42:36.750  INFO [users-ws,,,] 22411 --- [AsyncResolver-bootstrap-executor-0] c.n.d.s.r.aws.ConfigClusterResolver      : Resolving eureka endpoints via configuration
2020-06-26 04:47:36.744  INFO [users-ws,,,] 22411 --- [AsyncResolver-bootstrap-executor-0] c.n.d.s.r.aws.ConfigClusterResolver      : Resolving eureka endpoints via configuration
2020-06-26 04:52:36.744  INFO [users-ws,,,] 22411 --- [AsyncResolver-bootstrap-executor-0] c.n.d.s.r.aws.ConfigClusterResolver      : Resolving eureka endpoints via configuration
2020-06-26 04:57:36.741  INFO [users-ws,,,] 22411 --- [AsyncResolver-bootstrap-executor-0] c.n.d.s.r.aws.ConfigClusterResolver      : Resolving eureka endpoints via configuration
2020-06-26 05:02:36.735  INFO [users-ws,,,] 22411 --- [AsyncResolver-bootstrap-executor-0] c.n.d.s.r.aws.ConfigClusterResolver      : Resolving eureka endpoints via configuration
2020-06-26 05:07:36.730  INFO [users-ws,,,] 22411 --- [AsyncResolver-bootstrap-executor-0] c.n.d.s.r.aws.ConfigClusterResolver      : Resolving eureka endpoints via configuration
2020-06-26 05:12:36.725  INFO [users-ws,,,] 22411 --- [AsyncResolver-bootstrap-executor-0] c.n.d.s.r.aws.ConfigClusterResolver      : Resolving eureka endpoints via configuration
2020-06-26 05:17:36.720  INFO [users-ws,,,] 22411 --- [AsyncResolver-bootstrap-executor-0] c.n.d.s.r.aws.ConfigClusterResolver      : Resolving eureka endpoints via configuration
2020-06-26 05:22:36.719  INFO [users-ws,,,] 22411 --- [AsyncResolver-bootstrap-executor-0] c.n.d.s.r.aws.ConfigClusterResolver      : Resolving eureka endpoints via configuration
2020-06-26 05:27:36.717  INFO [users-ws,,,] 22411 --- [AsyncResolver-bootstrap-executor-0] c.n.d.s.r.aws.ConfigClusterResolver      : Resolving eureka endpoints via configuration
2020-06-26 05:32:36.715  INFO [users-ws,,,] 22411 --- [AsyncResolver-bootstrap-executor-0] c.n.d.s.r.aws.ConfigClusterResolver      : Resolving eureka endpoints via configuration
2020-06-26 05:37:36.715  INFO [users-ws,,,] 22411 --- [AsyncResolver-bootstrap-executor-0] c.n.d.s.r.aws.ConfigClusterResolver      : Resolving eureka endpoints via configuration
2020-06-26 05:42:36.712  INFO [users-ws,,,] 22411 --- [AsyncResolver-bootstrap-executor-0] c.n.d.s.r.aws.ConfigClusterResolver      : Resolving eureka endpoints via configuration
2020-06-26 05:47:36.707  INFO [users-ws,,,] 22411 --- [AsyncResolver-bootstrap-executor-0] c.n.d.s.r.aws.ConfigClusterResolver      : Resolving eureka endpoints via configuration
2020-06-26 05:52:36.697  INFO [users-ws,,,] 22411 --- [AsyncResolver-bootstrap-executor-0] c.n.d.s.r.aws.ConfigClusterResolver      : Resolving eureka endpoints via configuration
2020-06-26 05:57:36.689  INFO [users-ws,,,] 22411 --- [AsyncResolver-bootstrap-executor-0] c.n.d.s.r.aws.ConfigClusterResolver      : Resolving eureka endpoints via configuration
2020-06-26 06:02:36.683  INFO [users-ws,,,] 22411 --- [AsyncResolver-bootstrap-executor-0] c.n.d.s.r.aws.ConfigClusterResolver      : Resolving eureka endpoints via configuration
2020-06-26 06:07:36.677  INFO [users-ws,,,] 22411 --- [AsyncResolver-bootstrap-executor-0] c.n.d.s.r.aws.ConfigClusterResolver      : Resolving eureka endpoints via configuration
2020-06-26 06:12:36.677  INFO [users-ws,,,] 22411 --- [AsyncResolver-bootstrap-executor-0] c.n.d.s.r.aws.ConfigClusterResolver      : Resolving eureka endpoints via configuration
2020-06-26 06:17:36.675  INFO [users-ws,,,] 22411 --- [AsyncResolver-bootstrap-executor-0] c.n.d.s.r.aws.ConfigClusterResolver      : Resolving eureka endpoints via configuration
2020-06-26 10:23:10.033  WARN [users-ws,,,] 22411 --- [HikariPool-1 housekeeper] com.zaxxer.hikari.pool.HikariPool        : HikariPool-1 - Thread starvation or clock leap detected (housekeeper delta=4h1m20s15ms).
2020-06-26 10:23:25.466  INFO [users-ws,,,] 22411 --- [AsyncResolver-bootstrap-executor-0] c.n.d.s.r.aws.ConfigClusterResolver      : Resolving eureka endpoints via configuration
2020-06-26 10:23:39.023  WARN [users-ws,,,] 22411 --- [HikariPool-1 housekeeper] com.zaxxer.hikari.pool.HikariPool        : HikariPool-1 - Retrograde clock change detected (housekeeper delta=29s9ms), soft-evicting connections from pool.
2020-06-26 10:28:25.460  INFO [users-ws,,,] 22411 --- [AsyncResolver-bootstrap-executor-0] c.n.d.s.r.aws.ConfigClusterResolver      : Resolving eureka endpoints via configuration
2020-06-26 10:33:25.456  INFO [users-ws,,,] 22411 --- [AsyncResolver-bootstrap-executor-0] c.n.d.s.r.aws.ConfigClusterResolver      : Resolving eureka endpoints via configuration
2020-06-26 10:37:30.388  INFO [users-ws,,,] 22411 --- [RMI TCP Connection(325)-127.0.0.1] inMXBeanRegistrar$SpringApplicationAdmin : Application shutdown requested.
2020-06-26 10:37:30.403  INFO [users-ws,,,] 22411 --- [RMI TCP Connection(325)-127.0.0.1] o.s.c.n.e.s.EurekaServiceRegistry        : Unregistering application USERS-WS with eureka with status DOWN
2020-06-26 10:37:30.404  WARN [users-ws,,,] 22411 --- [RMI TCP Connection(325)-127.0.0.1] com.netflix.discovery.DiscoveryClient    : Saw local status change event StatusChangeEvent [timestamp=1593185850404, current=DOWN, previous=UP]
2020-06-26 10:37:30.405  INFO [users-ws,,,] 22411 --- [DiscoveryClient-InstanceInfoReplicator-0] com.netflix.discovery.DiscoveryClient    : DiscoveryClient_USERS-WS/users-ws:c929422d59e3d1777cb23b8165bd2aae: registering service...
2020-06-26 10:37:30.428  INFO [users-ws,,,] 22411 --- [DiscoveryClient-InstanceInfoReplicator-0] com.netflix.discovery.DiscoveryClient    : DiscoveryClient_USERS-WS/users-ws:c929422d59e3d1777cb23b8165bd2aae - registration status: 204
2020-06-26 10:37:30.478  INFO [users-ws,,,] 22411 --- [RMI TCP Connection(325)-127.0.0.1] o.s.a.r.l.SimpleMessageListenerContainer : Waiting for workers to finish.
2020-06-26 10:37:30.857  INFO [users-ws,,,] 22411 --- [RMI TCP Connection(325)-127.0.0.1] o.s.a.r.l.SimpleMessageListenerContainer : Successfully waited for workers to finish.
2020-06-26 10:37:30.858  INFO [users-ws,,,] 22411 --- [RMI TCP Connection(325)-127.0.0.1] o.s.i.a.i.AmqpInboundChannelAdapter      : stopped bean 'inbound.springCloudBus.anonymous.m06bor6cRcqsFfGvZ_I_vA'
2020-06-26 10:37:30.878  INFO [users-ws,,,] 22411 --- [RMI TCP Connection(325)-127.0.0.1] o.s.c.stream.binder.BinderErrorChannel   : Channel 'application-1.springCloudBus.anonymous.m06bor6cRcqsFfGvZ_I_vA.errors' has 1 subscriber(s).
2020-06-26 10:37:30.881  INFO [users-ws,,,] 22411 --- [RMI TCP Connection(325)-127.0.0.1] o.s.c.stream.binder.BinderErrorChannel   : Channel 'application-1.springCloudBus.anonymous.m06bor6cRcqsFfGvZ_I_vA.errors' has 0 subscriber(s).
2020-06-26 10:37:30.901  INFO [users-ws,,,] 22411 --- [RMI TCP Connection(325)-127.0.0.1] o.s.i.endpoint.EventDrivenConsumer       : Removing {logging-channel-adapter:_org.springframework.integration.errorLogger} as a subscriber to the 'errorChannel' channel
2020-06-26 10:37:30.901  INFO [users-ws,,,] 22411 --- [RMI TCP Connection(325)-127.0.0.1] o.s.i.channel.PublishSubscribeChannel    : Channel 'application-1.errorChannel' has 0 subscriber(s).
2020-06-26 10:37:30.903  INFO [users-ws,,,] 22411 --- [RMI TCP Connection(325)-127.0.0.1] o.s.i.endpoint.EventDrivenConsumer       : stopped bean '_org.springframework.integration.errorLogger'
2020-06-26 10:37:30.911  INFO [users-ws,,,] 22411 --- [RMI TCP Connection(325)-127.0.0.1] o.s.s.concurrent.ThreadPoolTaskExecutor  : Shutting down ExecutorService 'applicationTaskExecutor'
2020-06-26 10:37:31.034  INFO [users-ws,,,] 22411 --- [RMI TCP Connection(325)-127.0.0.1] j.LocalContainerEntityManagerFactoryBean : Closing JPA EntityManagerFactory for persistence unit 'default'
2020-06-26 10:37:31.056  INFO [users-ws,,,] 22411 --- [RMI TCP Connection(325)-127.0.0.1] o.s.s.c.ThreadPoolTaskScheduler          : Shutting down ExecutorService 'taskScheduler'
2020-06-26 10:37:31.870  INFO [users-ws,,,] 22411 --- [RMI TCP Connection(325)-127.0.0.1] com.zaxxer.hikari.HikariDataSource       : HikariPool-1 - Shutdown initiated...
2020-06-26 10:37:31.894  INFO [users-ws,,,] 22411 --- [RMI TCP Connection(325)-127.0.0.1] com.zaxxer.hikari.HikariDataSource       : HikariPool-1 - Shutdown completed.
2020-06-26 10:37:31.900  INFO [users-ws,,,] 22411 --- [RMI TCP Connection(325)-127.0.0.1] o.s.i.monitor.IntegrationMBeanExporter   : Summary on shutdown: bean 'errorChannel'
2020-06-26 10:37:31.900  INFO [users-ws,,,] 22411 --- [RMI TCP Connection(325)-127.0.0.1] o.s.i.monitor.IntegrationMBeanExporter   : Summary on shutdown: bean 'springCloudBusOutput'
2020-06-26 10:37:31.901  INFO [users-ws,,,] 22411 --- [RMI TCP Connection(325)-127.0.0.1] o.s.i.monitor.IntegrationMBeanExporter   : Summary on shutdown: nullChannel
2020-06-26 10:37:31.901  INFO [users-ws,,,] 22411 --- [RMI TCP Connection(325)-127.0.0.1] o.s.i.monitor.IntegrationMBeanExporter   : Summary on shutdown: bean 'springCloudBusInput'
2020-06-26 10:37:31.901  INFO [users-ws,,,] 22411 --- [RMI TCP Connection(325)-127.0.0.1] o.s.i.monitor.IntegrationMBeanExporter   : Summary on shutdown: org.springframework.cloud.stream.binding.StreamListenerMessageHandler@1aee0f49
2020-06-26 10:37:31.901  INFO [users-ws,,,] 22411 --- [RMI TCP Connection(325)-127.0.0.1] o.s.i.monitor.IntegrationMBeanExporter   : Summary on shutdown: bean '_org.springframework.integration.errorLogger.handler' for component '_org.springframework.integration.errorLogger'
2020-06-26 10:37:31.903  INFO [users-ws,,,] 22411 --- [RMI TCP Connection(325)-127.0.0.1] com.netflix.discovery.DiscoveryClient    : Shutting down DiscoveryClient ...
2020-06-26 10:37:34.912  INFO [users-ws,,,] 22411 --- [RMI TCP Connection(325)-127.0.0.1] com.netflix.discovery.DiscoveryClient    : Unregistering ...
2020-06-26 10:37:34.928  INFO [users-ws,,,] 22411 --- [RMI TCP Connection(325)-127.0.0.1] com.netflix.discovery.DiscoveryClient    : DiscoveryClient_USERS-WS/users-ws:c929422d59e3d1777cb23b8165bd2aae - deregister  status: 200
2020-06-26 10:37:35.069  INFO [users-ws,,,] 22411 --- [RMI TCP Connection(325)-127.0.0.1] com.netflix.discovery.DiscoveryClient    : Completed shut down of DiscoveryClient
2020-06-26 10:37:35.092  INFO [users-ws,,,] 22411 --- [RMI TCP Connection(325)-127.0.0.1] o.apache.catalina.core.StandardService   : Stopping service [Tomcat]
2020-06-26 10:37:35.104  INFO [users-ws,,,] 22411 --- [RMI TCP Connection(325)-127.0.0.1] o.a.c.c.C.[Tomcat].[localhost].[/]       : Destroying Spring FrameworkServlet 'dispatcherServlet'
2020-06-26 10:37:35.118  WARN [users-ws,,,] 22411 --- [RMI TCP Connection(325)-127.0.0.1] o.a.c.loader.WebappClassLoaderBase       : The web application [ROOT] appears to have started a thread named [RxIoScheduler-1 (Evictor)] but has failed to stop it. This is very likely to create a memory leak. Stack trace of thread:
 sun.misc.Unsafe.park(Native Method)
 java.util.concurrent.locks.LockSupport.parkNanos(LockSupport.java:215)
 java.util.concurrent.locks.AbstractQueuedSynchronizer$ConditionObject.awaitNanos(AbstractQueuedSynchronizer.java:2078)
 java.util.concurrent.ScheduledThreadPoolExecutor$DelayedWorkQueue.take(ScheduledThreadPoolExecutor.java:1093)
 java.util.concurrent.ScheduledThreadPoolExecutor$DelayedWorkQueue.take(ScheduledThreadPoolExecutor.java:809)
 java.util.concurrent.ThreadPoolExecutor.getTask(ThreadPoolExecutor.java:1074)
 java.util.concurrent.ThreadPoolExecutor.runWorker(ThreadPoolExecutor.java:1134)
 java.util.concurrent.ThreadPoolExecutor$Worker.run(ThreadPoolExecutor.java:624)
 java.lang.Thread.run(Thread.java:748)
